[{"line":2,"elements":[{"line":3,"name":"Ortak Stepler","description":"","type":"background","keyword":"Background","steps":[{"result":{"duration":7320897100,"status":"passed"},"line":4,"name":"Medunna anasayfasina gidilir","match":{"location":"stepDefinitions.US001StepDefs.medunnaAnasayfasinaGidilir()"},"keyword":"Given "},{"result":{"duration":87765900,"status":"passed"},"line":5,"name":"Account menu butonu tiklanir","match":{"location":"stepDefinitions.US001StepDefs.accountMenuButonuTiklanir()"},"keyword":"Then "},{"result":{"duration":15250312300,"status":"passed"},"line":6,"name":"Registration sayfasina gidilir","match":{"location":"stepDefinitions.US001StepDefs.registrationSayfasinaGidilir()"},"keyword":"And "}]},{"start_timestamp":"2022-11-21T15:53:45.206Z","line":47,"name":"","description":"","id":"us003-registerpage;;test-data;2","type":"scenario","keyword":"Scenario Outline","steps":[{"result":{"duration":1437681100,"status":"passed"},"line":43,"name":"New Password bolumune guclu sifre \"eAayd?2\" girilir","match":{"arguments":[{"val":"\"eAayd?2\"","offset":34}],"location":"stepDefinitions.US003StepDefs.newPasswordBolumuneGucluSifreGirilir(java.lang.String)"},"keyword":"Given "},{"result":{"error_message":"io.cucumber.core.exception.CucumberException: Step [Password strength seviyesinin {int} oldugu dogrulanir] is defined with 0 parameters at 'stepDefinitions.US003StepDefs.passwordStrengthSeviyesininOlduguDogrulanir()'.\nHowever, the gherkin step has 1 arguments:\n * 5\nStep text: Password strength seviyesinin 5 oldugu dogrulanir\r\n\tat io.cucumber.core.runner.PickleStepDefinitionMatch.arityMismatch(PickleStepDefinitionMatch.java:83)\r\n\tat io.cucumber.core.runner.PickleStepDefinitionMatch.runStep(PickleStepDefinitionMatch.java:42)\r\n\tat io.cucumber.core.runner.ExecutionMode$1.execute(ExecutionMode.java:10)\r\n\tat io.cucumber.core.runner.TestStep.executeStep(TestStep.java:86)\r\n\tat io.cucumber.core.runner.TestStep.run(TestStep.java:57)\r\n\tat io.cucumber.core.runner.PickleStepTestStep.run(PickleStepTestStep.java:51)\r\n\tat io.cucumber.core.runner.TestCase.run(TestCase.java:95)\r\n\tat io.cucumber.core.runner.Runner.runPickle(Runner.java:75)\r\n\tat io.cucumber.junit.PickleRunners$NoStepDescriptions.lambda$run$0(PickleRunners.java:151)\r\n\tat io.cucumber.core.runtime.CucumberExecutionContext.lambda$runTestCase$3(CucumberExecutionContext.java:151)\r\n\tat io.cucumber.core.runtime.RethrowingThrowableCollector.executeAndThrow(RethrowingThrowableCollector.java:23)\r\n\tat io.cucumber.core.runtime.CucumberExecutionContext.runTestCase(CucumberExecutionContext.java:151)\r\n\tat io.cucumber.junit.PickleRunners$NoStepDescriptions.run(PickleRunners.java:148)\r\n\tat io.cucumber.junit.FeatureRunner.runChild(FeatureRunner.java:144)\r\n\tat io.cucumber.junit.FeatureRunner.runChild(FeatureRunner.java:28)\r\n\tat org.junit.runners.ParentRunner$4.run(ParentRunner.java:331)\r\n\tat org.junit.runners.ParentRunner$1.schedule(ParentRunner.java:79)\r\n\tat org.junit.runners.ParentRunner.runChildren(ParentRunner.java:329)\r\n\tat org.junit.runners.ParentRunner.access$100(ParentRunner.java:66)\r\n\tat org.junit.runners.ParentRunner$2.evaluate(ParentRunner.java:293)\r\n\tat org.junit.runners.ParentRunner$3.evaluate(ParentRunner.java:306)\r\n\tat org.junit.runners.ParentRunner.run(ParentRunner.java:413)\r\n\tat io.cucumber.junit.FeatureRunner.run(FeatureRunner.java:137)\r\n\tat io.cucumber.junit.Cucumber.runChild(Cucumber.java:196)\r\n\tat io.cucumber.junit.Cucumber.runChild(Cucumber.java:89)\r\n\tat org.junit.runners.ParentRunner$4.run(ParentRunner.java:331)\r\n\tat org.junit.runners.ParentRunner$1.schedule(ParentRunner.java:79)\r\n\tat org.junit.runners.ParentRunner.runChildren(ParentRunner.java:329)\r\n\tat org.junit.runners.ParentRunner.access$100(ParentRunner.java:66)\r\n\tat org.junit.runners.ParentRunner$2.evaluate(ParentRunner.java:293)\r\n\tat io.cucumber.junit.Cucumber$RunBeforeAllHooks.evaluate(Cucumber.java:266)\r\n\tat io.cucumber.junit.Cucumber$RunAfterAllHooks.evaluate(Cucumber.java:281)\r\n\tat io.cucumber.junit.Cucumber$StartTestRun.evaluate(Cucumber.java:233)\r\n\tat io.cucumber.junit.Cucumber$FinishTestRun.evaluate(Cucumber.java:248)\r\n\tat org.junit.runners.ParentRunner$3.evaluate(ParentRunner.java:306)\r\n\tat org.junit.runners.ParentRunner.run(ParentRunner.java:413)\r\n\tat org.junit.runner.JUnitCore.run(JUnitCore.java:137)\r\n\tat com.intellij.junit4.JUnit4IdeaTestRunner.startRunnerWithArgs(JUnit4IdeaTestRunner.java:69)\r\n\tat com.intellij.rt.junit.IdeaTestRunner$Repeater$1.execute(IdeaTestRunner.java:38)\r\n\tat com.intellij.rt.execution.junit.TestsRepeater.repeat(TestsRepeater.java:11)\r\n\tat com.intellij.rt.junit.IdeaTestRunner$Repeater.startRunnerWithArgs(IdeaTestRunner.java:35)\r\n\tat com.intellij.rt.junit.JUnitStarter.prepareStreamsAndStart(JUnitStarter.java:235)\r\n\tat com.intellij.rt.junit.JUnitStarter.main(JUnitStarter.java:54)\r\n","duration":4988100,"status":"failed"},"line":44,"name":"Password strength seviyesinin 5 oldugu dogrulanir","match":{"arguments":[{"val":"5","offset":30}],"location":"stepDefinitions.US003StepDefs.passwordStrengthSeviyesininOlduguDogrulanir()"},"keyword":"Then "}],"tags":[{"name":"@US003_UI"},{"name":"@SmokeTests"},{"name":"@US003_TC04"}]},{"line":3,"name":"Ortak Stepler","description":"","type":"background","keyword":"Background","steps":[{"result":{"duration":421870900,"status":"passed"},"line":4,"name":"Medunna anasayfasina gidilir","match":{"location":"stepDefinitions.US001StepDefs.medunnaAnasayfasinaGidilir()"},"keyword":"Given "},{"result":{"duration":142616900,"status":"passed"},"line":5,"name":"Account menu butonu tiklanir","match":{"location":"stepDefinitions.US001StepDefs.accountMenuButonuTiklanir()"},"keyword":"Then "},{"result":{"duration":15277918200,"status":"passed"},"line":6,"name":"Registration sayfasina gidilir","match":{"location":"stepDefinitions.US001StepDefs.registrationSayfasinaGidilir()"},"keyword":"And "}]},{"start_timestamp":"2022-11-21T15:54:09.546Z","line":48,"name":"","description":"","id":"us003-registerpage;;test-data;3","type":"scenario","keyword":"Scenario Outline","steps":[{"result":{"duration":1350934300,"status":"passed"},"line":43,"name":"New Password bolumune guclu sifre \"b?*B2!3\" girilir","match":{"arguments":[{"val":"\"b?*B2!3\"","offset":34}],"location":"stepDefinitions.US003StepDefs.newPasswordBolumuneGucluSifreGirilir(java.lang.String)"},"keyword":"Given "},{"result":{"error_message":"io.cucumber.core.exception.CucumberException: Step [Password strength seviyesinin {int} oldugu dogrulanir] is defined with 0 parameters at 'stepDefinitions.US003StepDefs.passwordStrengthSeviyesininOlduguDogrulanir()'.\nHowever, the gherkin step has 1 arguments:\n * 5\nStep text: Password strength seviyesinin 5 oldugu dogrulanir\r\n\tat io.cucumber.core.runner.PickleStepDefinitionMatch.arityMismatch(PickleStepDefinitionMatch.java:83)\r\n\tat io.cucumber.core.runner.PickleStepDefinitionMatch.runStep(PickleStepDefinitionMatch.java:42)\r\n\tat io.cucumber.core.runner.ExecutionMode$1.execute(ExecutionMode.java:10)\r\n\tat io.cucumber.core.runner.TestStep.executeStep(TestStep.java:86)\r\n\tat io.cucumber.core.runner.TestStep.run(TestStep.java:57)\r\n\tat io.cucumber.core.runner.PickleStepTestStep.run(PickleStepTestStep.java:51)\r\n\tat io.cucumber.core.runner.TestCase.run(TestCase.java:95)\r\n\tat io.cucumber.core.runner.Runner.runPickle(Runner.java:75)\r\n\tat io.cucumber.junit.PickleRunners$NoStepDescriptions.lambda$run$0(PickleRunners.java:151)\r\n\tat io.cucumber.core.runtime.CucumberExecutionContext.lambda$runTestCase$3(CucumberExecutionContext.java:151)\r\n\tat io.cucumber.core.runtime.RethrowingThrowableCollector.executeAndThrow(RethrowingThrowableCollector.java:23)\r\n\tat io.cucumber.core.runtime.CucumberExecutionContext.runTestCase(CucumberExecutionContext.java:151)\r\n\tat io.cucumber.junit.PickleRunners$NoStepDescriptions.run(PickleRunners.java:148)\r\n\tat io.cucumber.junit.FeatureRunner.runChild(FeatureRunner.java:144)\r\n\tat io.cucumber.junit.FeatureRunner.runChild(FeatureRunner.java:28)\r\n\tat org.junit.runners.ParentRunner$4.run(ParentRunner.java:331)\r\n\tat org.junit.runners.ParentRunner$1.schedule(ParentRunner.java:79)\r\n\tat org.junit.runners.ParentRunner.runChildren(ParentRunner.java:329)\r\n\tat org.junit.runners.ParentRunner.access$100(ParentRunner.java:66)\r\n\tat org.junit.runners.ParentRunner$2.evaluate(ParentRunner.java:293)\r\n\tat org.junit.runners.ParentRunner$3.evaluate(ParentRunner.java:306)\r\n\tat org.junit.runners.ParentRunner.run(ParentRunner.java:413)\r\n\tat io.cucumber.junit.FeatureRunner.run(FeatureRunner.java:137)\r\n\tat io.cucumber.junit.Cucumber.runChild(Cucumber.java:196)\r\n\tat io.cucumber.junit.Cucumber.runChild(Cucumber.java:89)\r\n\tat org.junit.runners.ParentRunner$4.run(ParentRunner.java:331)\r\n\tat org.junit.runners.ParentRunner$1.schedule(ParentRunner.java:79)\r\n\tat org.junit.runners.ParentRunner.runChildren(ParentRunner.java:329)\r\n\tat org.junit.runners.ParentRunner.access$100(ParentRunner.java:66)\r\n\tat org.junit.runners.ParentRunner$2.evaluate(ParentRunner.java:293)\r\n\tat io.cucumber.junit.Cucumber$RunBeforeAllHooks.evaluate(Cucumber.java:266)\r\n\tat io.cucumber.junit.Cucumber$RunAfterAllHooks.evaluate(Cucumber.java:281)\r\n\tat io.cucumber.junit.Cucumber$StartTestRun.evaluate(Cucumber.java:233)\r\n\tat io.cucumber.junit.Cucumber$FinishTestRun.evaluate(Cucumber.java:248)\r\n\tat org.junit.runners.ParentRunner$3.evaluate(ParentRunner.java:306)\r\n\tat org.junit.runners.ParentRunner.run(ParentRunner.java:413)\r\n\tat org.junit.runner.JUnitCore.run(JUnitCore.java:137)\r\n\tat com.intellij.junit4.JUnit4IdeaTestRunner.startRunnerWithArgs(JUnit4IdeaTestRunner.java:69)\r\n\tat com.intellij.rt.junit.IdeaTestRunner$Repeater$1.execute(IdeaTestRunner.java:38)\r\n\tat com.intellij.rt.execution.junit.TestsRepeater.repeat(TestsRepeater.java:11)\r\n\tat com.intellij.rt.junit.IdeaTestRunner$Repeater.startRunnerWithArgs(IdeaTestRunner.java:35)\r\n\tat com.intellij.rt.junit.JUnitStarter.prepareStreamsAndStart(JUnitStarter.java:235)\r\n\tat com.intellij.rt.junit.JUnitStarter.main(JUnitStarter.java:54)\r\n","status":"failed"},"line":44,"name":"Password strength seviyesinin 5 oldugu dogrulanir","match":{"arguments":[{"val":"5","offset":30}],"location":"stepDefinitions.US003StepDefs.passwordStrengthSeviyesininOlduguDogrulanir()"},"keyword":"Then "}],"tags":[{"name":"@US003_UI"},{"name":"@SmokeTests"},{"name":"@US003_TC04"}]},{"line":3,"name":"Ortak Stepler","description":"","type":"background","keyword":"Background","steps":[{"result":{"duration":312928600,"status":"passed"},"line":4,"name":"Medunna anasayfasina gidilir","match":{"location":"stepDefinitions.US001StepDefs.medunnaAnasayfasinaGidilir()"},"keyword":"Given "},{"result":{"duration":109705800,"status":"passed"},"line":5,"name":"Account menu butonu tiklanir","match":{"location":"stepDefinitions.US001StepDefs.accountMenuButonuTiklanir()"},"keyword":"Then "},{"result":{"duration":15213400300,"status":"passed"},"line":6,"name":"Registration sayfasina gidilir","match":{"location":"stepDefinitions.US001StepDefs.registrationSayfasinaGidilir()"},"keyword":"And "}]},{"start_timestamp":"2022-11-21T15:54:26.789Z","line":49,"name":"","description":"","id":"us003-registerpage;;test-data;4","type":"scenario","keyword":"Scenario Outline","steps":[{"result":{"duration":237365400,"status":"passed"},"line":43,"name":"New Password bolumune guclu sifre \"bAY2s!3\" girilir","match":{"arguments":[{"val":"\"bAY2s!3\"","offset":34}],"location":"stepDefinitions.US003StepDefs.newPasswordBolumuneGucluSifreGirilir(java.lang.String)"},"keyword":"Given "},{"result":{"error_message":"io.cucumber.core.exception.CucumberException: Step [Password strength seviyesinin {int} oldugu dogrulanir] is defined with 0 parameters at 'stepDefinitions.US003StepDefs.passwordStrengthSeviyesininOlduguDogrulanir()'.\nHowever, the gherkin step has 1 arguments:\n * 5\nStep text: Password strength seviyesinin 5 oldugu dogrulanir\r\n\tat io.cucumber.core.runner.PickleStepDefinitionMatch.arityMismatch(PickleStepDefinitionMatch.java:83)\r\n\tat io.cucumber.core.runner.PickleStepDefinitionMatch.runStep(PickleStepDefinitionMatch.java:42)\r\n\tat io.cucumber.core.runner.ExecutionMode$1.execute(ExecutionMode.java:10)\r\n\tat io.cucumber.core.runner.TestStep.executeStep(TestStep.java:86)\r\n\tat io.cucumber.core.runner.TestStep.run(TestStep.java:57)\r\n\tat io.cucumber.core.runner.PickleStepTestStep.run(PickleStepTestStep.java:51)\r\n\tat io.cucumber.core.runner.TestCase.run(TestCase.java:95)\r\n\tat io.cucumber.core.runner.Runner.runPickle(Runner.java:75)\r\n\tat io.cucumber.junit.PickleRunners$NoStepDescriptions.lambda$run$0(PickleRunners.java:151)\r\n\tat io.cucumber.core.runtime.CucumberExecutionContext.lambda$runTestCase$3(CucumberExecutionContext.java:151)\r\n\tat io.cucumber.core.runtime.RethrowingThrowableCollector.executeAndThrow(RethrowingThrowableCollector.java:23)\r\n\tat io.cucumber.core.runtime.CucumberExecutionContext.runTestCase(CucumberExecutionContext.java:151)\r\n\tat io.cucumber.junit.PickleRunners$NoStepDescriptions.run(PickleRunners.java:148)\r\n\tat io.cucumber.junit.FeatureRunner.runChild(FeatureRunner.java:144)\r\n\tat io.cucumber.junit.FeatureRunner.runChild(FeatureRunner.java:28)\r\n\tat org.junit.runners.ParentRunner$4.run(ParentRunner.java:331)\r\n\tat org.junit.runners.ParentRunner$1.schedule(ParentRunner.java:79)\r\n\tat org.junit.runners.ParentRunner.runChildren(ParentRunner.java:329)\r\n\tat org.junit.runners.ParentRunner.access$100(ParentRunner.java:66)\r\n\tat org.junit.runners.ParentRunner$2.evaluate(ParentRunner.java:293)\r\n\tat org.junit.runners.ParentRunner$3.evaluate(ParentRunner.java:306)\r\n\tat org.junit.runners.ParentRunner.run(ParentRunner.java:413)\r\n\tat io.cucumber.junit.FeatureRunner.run(FeatureRunner.java:137)\r\n\tat io.cucumber.junit.Cucumber.runChild(Cucumber.java:196)\r\n\tat io.cucumber.junit.Cucumber.runChild(Cucumber.java:89)\r\n\tat org.junit.runners.ParentRunner$4.run(ParentRunner.java:331)\r\n\tat org.junit.runners.ParentRunner$1.schedule(ParentRunner.java:79)\r\n\tat org.junit.runners.ParentRunner.runChildren(ParentRunner.java:329)\r\n\tat org.junit.runners.ParentRunner.access$100(ParentRunner.java:66)\r\n\tat org.junit.runners.ParentRunner$2.evaluate(ParentRunner.java:293)\r\n\tat io.cucumber.junit.Cucumber$RunBeforeAllHooks.evaluate(Cucumber.java:266)\r\n\tat io.cucumber.junit.Cucumber$RunAfterAllHooks.evaluate(Cucumber.java:281)\r\n\tat io.cucumber.junit.Cucumber$StartTestRun.evaluate(Cucumber.java:233)\r\n\tat io.cucumber.junit.Cucumber$FinishTestRun.evaluate(Cucumber.java:248)\r\n\tat org.junit.runners.ParentRunner$3.evaluate(ParentRunner.java:306)\r\n\tat org.junit.runners.ParentRunner.run(ParentRunner.java:413)\r\n\tat org.junit.runner.JUnitCore.run(JUnitCore.java:137)\r\n\tat com.intellij.junit4.JUnit4IdeaTestRunner.startRunnerWithArgs(JUnit4IdeaTestRunner.java:69)\r\n\tat com.intellij.rt.junit.IdeaTestRunner$Repeater$1.execute(IdeaTestRunner.java:38)\r\n\tat com.intellij.rt.execution.junit.TestsRepeater.repeat(TestsRepeater.java:11)\r\n\tat com.intellij.rt.junit.IdeaTestRunner$Repeater.startRunnerWithArgs(IdeaTestRunner.java:35)\r\n\tat com.intellij.rt.junit.JUnitStarter.prepareStreamsAndStart(JUnitStarter.java:235)\r\n\tat com.intellij.rt.junit.JUnitStarter.main(JUnitStarter.java:54)\r\n","duration":1994900,"status":"failed"},"line":44,"name":"Password strength seviyesinin 5 oldugu dogrulanir","match":{"arguments":[{"val":"5","offset":30}],"location":"stepDefinitions.US003StepDefs.passwordStrengthSeviyesininOlduguDogrulanir()"},"keyword":"Then "}],"tags":[{"name":"@US003_UI"},{"name":"@SmokeTests"},{"name":"@US003_TC04"}]}],"name":"US003 registerpage","description":"","id":"us003-registerpage","keyword":"Feature","uri":"file:src/test/resources/features/US003.feature","tags":[{"name":"@US003_UI","type":"Tag","location":{"line":1,"column":1}},{"name":"@SmokeTests","type":"Tag","location":{"line":1,"column":11}}]}]